SF:lib/models/chat_message.dart
DA:35,2
DA:42,2
DA:44,2
DA:46,2
DA:47,4
DA:48,4
DA:49,2
DA:50,1
DA:51,1
DA:77,3
DA:99,2
DA:103,2
DA:105,2
DA:106,2
DA:107,2
DA:108,0
DA:109,0
DA:111,0
DA:114,0
DA:117,0
DA:118,0
DA:122,2
DA:123,2
DA:126,4
DA:129,2
DA:133,2
DA:134,2
DA:136,2
DA:137,2
DA:139,6
DA:141,16
DA:142,6
DA:143,2
DA:145,2
DA:146,0
DA:147,0
DA:148,0
DA:149,0
DA:152,0
DA:158,2
DA:162,2
DA:173,1
DA:174,1
DA:175,1
DA:176,2
DA:177,2
DA:178,1
DA:179,1
DA:180,4
DA:181,0
DA:183,1
DA:184,4
DA:185,0
DA:187,1
DA:188,1
DA:189,0
DA:191,1
DA:192,0
DA:193,0
DA:194,1
DA:198,1
DA:199,1
DA:200,1
DA:201,1
DA:202,2
DA:203,1
DA:204,2
DA:205,2
DA:206,1
DA:207,1
DA:208,1
DA:209,1
DA:213,2
DA:234,2
DA:235,2
DA:236,1
DA:237,2
DA:238,2
DA:239,2
DA:240,2
DA:241,2
DA:242,2
DA:243,2
DA:244,2
DA:245,2
DA:246,2
DA:247,0
DA:248,2
DA:249,2
DA:250,2
DA:251,2
DA:252,2
DA:253,2
LF:93
LH:76
end_of_record
SF:lib/models/quick_reply.dart
DA:9,2
DA:15,1
DA:16,1
DA:17,2
DA:18,1
DA:22,1
DA:23,1
DA:24,1
DA:25,1
LF:9
LH:9
end_of_record
SF:lib/models/link_preview.dart
DA:8,0
DA:16,0
DA:17,0
DA:18,0
DA:19,0
DA:20,0
DA:21,0
DA:22,0
DA:26,0
DA:27,0
DA:28,0
DA:29,0
DA:30,0
DA:31,0
DA:32,0
DA:36,0
DA:43,0
DA:44,0
DA:45,0
DA:46,0
DA:47,0
DA:48,0
LF:22
LH:0
end_of_record
SF:lib/utils/debug_config.dart
DA:8,1
DA:11,1
DA:12,1
DA:14,1
DA:19,0
DA:20,0
DA:22,0
DA:27,0
DA:28,0
DA:30,0
DA:35,0
DA:38,0
DA:39,0
DA:42,0
DA:45,0
DA:48,0
DA:50,0
DA:54,0
DA:58,0
DA:63,0
DA:65,0
DA:69,0
DA:71,0
LF:23
LH:4
end_of_record
SF:lib/services/emoji_converter_service.dart
DA:2,6
DA:315,6
DA:318,2
DA:319,2
DA:322,4
DA:323,0
DA:330,6
DA:331,10
DA:333,4
DA:334,2
DA:335,3
DA:342,2
DA:349,0
DA:350,0
DA:355,0
DA:393,0
DA:394,0
DA:396,0
DA:397,0
DA:398,0
DA:406,0
DA:407,0
DA:412,0
DA:413,0
DA:415,0
DA:416,0
DA:417,0
DA:418,0
DA:426,0
DA:427,0
DA:431,0
DA:432,0
DA:436,0
DA:437,0
DA:441,0
DA:442,0
DA:444,0
LF:37
LH:11
end_of_record
SF:lib/theme/app_theme.dart
DA:58,9
DA:61,3
DA:73,3
DA:76,6
DA:83,3
DA:103,3
DA:106,3
DA:107,3
DA:110,3
DA:111,3
DA:114,3
DA:115,3
DA:118,3
DA:119,3
DA:136,3
DA:137,3
DA:144,6
DA:155,3
DA:156,3
DA:164,6
DA:169,3
DA:203,0
LF:22
LH:21
end_of_record
SF:lib/widgets/chat_message_widget.dart
DA:13,1
DA:20,1
DA:21,1
DA:26,1
DA:27,1
DA:30,2
DA:31,2
DA:32,0
DA:33,2
DA:34,2
DA:41,0
DA:42,0
DA:43,0
DA:44,0
DA:45,0
DA:46,0
DA:47,0
DA:51,1
DA:52,1
DA:53,1
DA:57,0
DA:58,0
DA:59,0
DA:60,0
DA:62,0
DA:63,0
DA:64,0
DA:65,0
DA:71,1
DA:73,4
DA:74,1
DA:77,1
DA:79,1
DA:81,1
DA:82,1
DA:84,1
DA:87,1
DA:88,1
DA:89,1
DA:92,1
DA:93,1
DA:94,1
DA:100,1
DA:104,1
DA:106,1
DA:107,1
DA:108,1
DA:120,1
DA:124,1
DA:126,1
DA:127,1
DA:128,1
DA:130,1
DA:131,3
DA:155,4
DA:157,0
DA:158,0
DA:161,0
DA:162,0
DA:163,0
DA:165,0
DA:171,0
DA:172,0
DA:177,1
DA:181,4
DA:182,1
DA:185,1
DA:188,1
DA:190,1
DA:192,1
DA:194,2
DA:195,1
DA:197,1
DA:198,6
DA:199,1
DA:200,3
DA:205,1
DA:207,1
DA:209,1
DA:210,3
DA:211,1
DA:212,0
DA:213,1
DA:215,1
DA:216,1
DA:217,1
DA:220,3
DA:223,1
DA:224,1
DA:226,1
DA:227,3
DA:240,1
DA:241,0
DA:242,1
DA:243,1
DA:244,1
DA:249,1
DA:251,0
DA:254,0
DA:255,0
DA:256,0
DA:257,0
DA:258,0
DA:259,0
DA:265,1
DA:266,2
DA:267,1
DA:270,1
DA:282,1
DA:283,1
DA:284,1
DA:285,1
DA:300,6
DA:301,0
DA:303,0
DA:304,0
DA:305,0
DA:306,0
DA:312,0
DA:314,0
DA:316,0
DA:318,0
DA:319,0
DA:321,0
DA:322,0
DA:323,0
DA:324,0
DA:329,0
DA:330,0
DA:331,0
DA:336,0
DA:338,0
DA:341,0
DA:342,0
DA:343,0
DA:344,0
DA:345,0
DA:346,0
DA:352,0
DA:353,0
DA:354,0
DA:357,0
DA:370,0
DA:371,0
DA:373,0
DA:374,0
DA:375,0
DA:376,0
DA:382,0
DA:384,0
DA:385,0
DA:387,0
DA:389,0
DA:390,0
DA:392,0
DA:393,0
DA:394,0
DA:395,0
DA:400,0
DA:401,0
DA:402,0
DA:408,0
DA:409,0
DA:410,0
DA:412,0
DA:413,0
DA:414,0
DA:415,0
DA:419,0
DA:420,0
DA:421,0
DA:422,0
DA:429,0
DA:431,0
DA:433,0
DA:434,0
DA:439,0
DA:440,0
DA:444,0
DA:446,0
DA:449,0
DA:450,0
DA:451,0
DA:453,0
DA:454,0
DA:455,0
DA:461,0
DA:462,0
DA:465,0
DA:478,0
DA:480,0
DA:482,0
DA:484,0
DA:486,0
DA:487,0
DA:488,0
DA:489,0
DA:501,0
DA:502,0
DA:504,0
DA:505,0
DA:506,0
DA:507,0
DA:508,0
DA:519,0
DA:521,0
DA:523,0
DA:525,0
DA:526,0
DA:528,0
DA:531,0
DA:532,0
DA:537,0
DA:538,0
DA:540,0
DA:542,0
DA:543,0
DA:544,0
DA:545,0
DA:546,0
DA:547,0
DA:556,0
DA:557,0
DA:558,0
DA:559,0
DA:560,0
DA:584,0
DA:585,0
DA:587,0
DA:588,0
DA:589,0
DA:590,0
DA:598,1
DA:599,0
DA:600,3
DA:601,1
DA:602,3
DA:604,1
DA:605,3
DA:614,1
DA:619,1
DA:620,1
DA:621,3
DA:622,3
DA:625,1
DA:627,3
DA:629,1
DA:630,4
DA:631,4
DA:632,1
DA:633,1
DA:634,1
DA:635,4
DA:637,1
DA:638,3
DA:641,1
DA:642,1
DA:644,1
DA:649,4
DA:650,4
DA:656,1
DA:657,3
DA:659,1
DA:662,1
DA:663,1
DA:668,1
DA:669,1
DA:670,1
DA:671,1
DA:685,1
DA:688,1
DA:689,1
DA:690,1
DA:691,1
DA:692,1
DA:698,1
DA:699,1
DA:700,1
DA:709,1
DA:710,1
DA:711,2
DA:712,1
DA:714,1
DA:715,3
DA:716,1
DA:717,1
DA:722,4
DA:723,1
DA:726,4
DA:727,4
DA:729,1
DA:730,1
DA:731,3
DA:732,1
DA:733,1
DA:739,1
DA:744,1
DA:745,1
DA:747,1
DA:749,1
DA:750,1
DA:751,4
DA:752,1
DA:753,1
DA:758,4
DA:760,1
DA:761,1
DA:763,1
DA:771,1
DA:772,1
DA:773,1
DA:775,2
DA:776,0
DA:777,2
DA:778,0
DA:779,2
DA:780,0
DA:786,1
DA:787,3
DA:788,1
DA:790,1
DA:792,1
DA:794,0
DA:796,0
DA:797,0
DA:804,1
DA:805,3
DA:806,1
DA:808,1
DA:809,1
DA:810,1
DA:812,0
DA:814,0
DA:815,0
DA:818,0
LF:335
LH:172
end_of_record
SF:lib/providers/chat_provider.dart
DA:20,1
DA:32,0
DA:36,0
DA:40,0
DA:45,0
DA:48,0
DA:50,1
DA:51,1
DA:52,1
DA:56,1
DA:58,2
DA:59,2
DA:60,1
DA:63,1
DA:64,1
DA:70,1
DA:73,1
DA:77,0
DA:78,0
DA:81,0
DA:83,0
DA:84,0
DA:87,0
DA:89,0
DA:93,0
DA:94,0
DA:97,0
DA:99,0
DA:100,0
DA:103,0
DA:104,0
DA:107,0
DA:111,0
DA:112,0
DA:113,0
DA:116,0
DA:118,0
DA:119,0
DA:122,0
DA:123,0
DA:126,0
DA:130,0
DA:131,0
DA:132,0
DA:133,0
DA:137,0
DA:138,0
DA:139,0
DA:141,0
DA:146,0
DA:151,0
DA:152,0
DA:156,0
DA:160,0
DA:161,0
DA:165,0
DA:166,0
DA:170,0
DA:171,0
DA:173,0
DA:177,0
DA:178,0
DA:179,0
DA:180,0
DA:181,0
DA:182,0
DA:183,0
DA:187,0
DA:188,0
DA:190,0
DA:194,0
DA:196,0
DA:199,0
DA:203,0
DA:205,0
DA:207,0
DA:210,0
DA:214,0
DA:217,0
DA:222,0
DA:223,0
DA:224,0
DA:226,0
DA:232,0
DA:236,0
DA:237,0
DA:238,0
DA:240,0
DA:246,0
DA:250,0
DA:251,0
DA:252,0
DA:253,0
DA:256,0
DA:258,0
DA:259,0
DA:266,0
DA:267,0
DA:270,0
DA:271,0
DA:277,0
DA:279,0
DA:283,0
DA:288,0
DA:292,0
DA:293,0
DA:294,0
DA:295,0
DA:299,0
DA:300,0
DA:301,0
DA:302,0
DA:305,0
DA:306,0
DA:311,0
DA:314,0
DA:316,0
DA:320,0
DA:322,0
DA:323,0
DA:324,0
DA:325,0
DA:326,0
DA:327,0
DA:328,0
DA:329,0
DA:330,0
DA:336,0
DA:339,0
DA:340,0
DA:341,0
DA:344,0
DA:346,0
DA:348,0
DA:352,0
DA:353,0
DA:354,0
DA:355,0
DA:356,0
DA:360,0
DA:361,0
DA:363,0
DA:365,0
DA:367,0
DA:369,0
DA:371,0
DA:379,0
DA:380,0
DA:383,0
DA:384,0
DA:385,0
DA:388,0
DA:392,0
DA:396,0
DA:397,0
DA:398,0
DA:399,0
DA:400,0
DA:402,0
DA:403,0
DA:404,0
DA:406,0
DA:411,0
DA:412,0
DA:415,0
DA:422,0
DA:423,0
DA:424,0
DA:425,0
DA:426,0
DA:427,0
DA:428,0
DA:429,0
DA:430,0
DA:431,0
DA:438,0
DA:441,0
DA:444,0
DA:447,0
DA:450,0
DA:451,0
DA:455,0
DA:456,0
DA:460,0
DA:461,0
DA:465,0
DA:466,0
DA:467,0
DA:469,0
DA:474,0
DA:478,0
DA:479,0
DA:485,0
DA:486,0
DA:487,0
DA:489,0
DA:494,0
DA:498,0
DA:499,0
DA:500,0
DA:502,0
DA:503,0
DA:504,0
DA:505,0
DA:506,0
DA:508,0
DA:512,0
DA:513,0
DA:516,0
DA:517,0
DA:520,0
DA:522,0
DA:530,0
DA:533,0
DA:538,0
DA:541,0
DA:546,0
DA:549,0
DA:555,0
DA:556,0
DA:557,0
DA:558,0
DA:560,0
DA:561,0
DA:564,0
DA:565,0
DA:566,0
DA:568,0
DA:569,0
DA:573,0
DA:574,0
DA:575,0
DA:577,0
DA:578,0
DA:579,0
DA:580,0
DA:581,0
DA:582,0
DA:584,0
DA:586,0
DA:587,0
DA:588,0
DA:590,0
DA:591,0
DA:592,0
DA:593,0
DA:594,0
DA:595,0
DA:596,0
DA:598,0
DA:601,0
DA:605,0
DA:609,0
DA:610,0
DA:611,0
DA:612,0
DA:613,0
DA:614,0
DA:615,0
DA:616,0
DA:618,0
DA:619,0
DA:620,0
DA:622,0
DA:623,0
DA:624,0
DA:626,0
DA:627,0
DA:628,0
DA:629,0
DA:634,0
DA:638,0
DA:640,0
DA:643,0
DA:645,0
DA:646,0
DA:647,0
DA:648,0
DA:649,0
DA:651,0
DA:654,0
DA:659,0
DA:660,0
DA:662,0
DA:663,0
DA:664,0
DA:665,0
DA:669,0
DA:673,0
DA:674,0
DA:675,0
DA:676,0
DA:677,0
DA:680,0
DA:681,0
DA:683,0
DA:684,0
DA:685,0
DA:686,0
DA:687,0
DA:688,0
DA:689,0
DA:690,0
DA:691,0
DA:692,0
DA:697,0
DA:698,0
DA:699,0
DA:702,0
DA:703,0
DA:704,0
DA:706,0
DA:707,0
DA:708,0
DA:709,0
DA:715,0
DA:716,0
DA:717,0
DA:718,0
DA:722,0
DA:723,0
DA:724,0
DA:725,0
LF:323
LH:12
end_of_record
SF:lib/providers/auth_provider.dart
DA:19,0
DA:20,0
DA:21,0
DA:23,0
DA:25,0
DA:27,0
DA:29,0
DA:31,0
DA:32,0
DA:36,0
DA:37,0
DA:38,0
DA:39,0
DA:40,0
DA:43,0
DA:44,0
DA:45,0
DA:46,0
DA:50,0
DA:53,0
DA:54,0
DA:55,0
DA:56,0
DA:57,0
DA:60,0
DA:61,0
DA:62,0
DA:63,0
DA:68,0
DA:69,0
DA:70,0
DA:71,0
DA:75,0
DA:78,0
DA:79,0
DA:81,0
DA:82,0
DA:87,0
DA:88,0
DA:89,0
DA:90,0
DA:91,0
DA:94,0
DA:95,0
DA:96,0
DA:97,0
DA:102,0
DA:103,0
DA:104,0
DA:105,0
DA:109,0
DA:113,0
DA:114,0
DA:115,0
DA:116,0
DA:121,0
DA:122,0
DA:123,0
DA:124,0
DA:128,0
DA:131,0
DA:135,0
DA:136,0
DA:141,0
DA:144,0
DA:145,0
DA:146,0
DA:147,0
DA:148,0
DA:149,0
DA:154,0
DA:155,0
DA:156,0
DA:159,0
DA:162,0
DA:164,0
DA:168,0
DA:169,0
DA:170,0
DA:172,0
DA:173,0
DA:174,0
DA:177,0
DA:178,0
DA:180,0
DA:181,0
DA:182,0
DA:187,0
DA:188,0
DA:189,0
DA:191,0
DA:193,0
DA:195,0
DA:197,0
DA:199,0
DA:201,0
DA:203,0
DA:205,0
DA:208,0
DA:212,0
DA:213,0
DA:214,0
DA:216,0
DA:218,0
DA:220,0
DA:222,0
DA:224,0
DA:226,0
DA:228,0
DA:230,0
DA:232,0
DA:234,0
DA:237,0
DA:241,0
DA:242,0
DA:243,0
DA:244,0
DA:245,0
DA:246,0
DA:252,0
DA:253,0
DA:254,0
DA:255,0
DA:259,0
DA:260,0
DA:261,0
DA:266,0
DA:269,0
DA:274,0
DA:275,0
DA:276,0
DA:277,0
DA:278,0
DA:279,0
DA:280,0
DA:282,0
DA:283,0
DA:284,0
DA:285,0
LF:139
LH:0
end_of_record
SF:lib/providers/channel_provider.dart
DA:7,0
DA:8,0
DA:10,0
DA:11,0
DA:12,0
DA:13,0
DA:17,0
DA:18,0
DA:19,0
DA:20,0
DA:24,0
DA:25,0
DA:26,0
DA:27,0
DA:28,0
DA:30,0
LF:16
LH:0
end_of_record
SF:lib/services/link_preview_service.dart
DA:10,0
DA:12,0
DA:15,0
DA:16,0
DA:17,0
DA:20,0
DA:22,0
DA:25,0
DA:33,0
DA:35,0
DA:36,0
DA:38,0
DA:39,0
DA:41,0
DA:44,0
DA:45,0
DA:46,0
DA:48,0
DA:51,0
DA:54,0
DA:55,0
DA:56,0
DA:57,0
DA:59,0
DA:68,0
DA:70,0
DA:74,0
DA:76,0
DA:80,0
DA:82,0
DA:83,0
DA:85,0
DA:88,0
DA:91,0
DA:101,0
DA:103,0
DA:104,0
DA:105,0
DA:109,0
DA:110,0
DA:111,0
DA:115,0
DA:116,0
DA:117,0
DA:122,0
DA:128,0
DA:130,0
DA:131,0
DA:132,0
DA:136,0
DA:137,0
DA:138,0
DA:142,0
DA:143,0
DA:144,0
DA:148,0
DA:149,0
DA:150,0
DA:151,0
DA:157,0
DA:159,0
DA:160,0
DA:161,0
DA:165,0
DA:166,0
DA:167,0
DA:171,0
DA:172,0
DA:173,0
DA:174,0
DA:175,0
DA:176,0
DA:185,0
DA:187,0
DA:188,0
DA:189,0
DA:193,0
DA:194,0
DA:195,0
DA:197,0
DA:203,0
DA:209,0
DA:211,0
DA:212,0
DA:214,0
DA:217,0
DA:219,0
DA:220,0
DA:222,0
DA:225,0
DA:226,0
DA:229,0
DA:234,0
DA:235,0
DA:238,0
DA:239,0
DA:240,0
DA:245,0
DA:246,0
DA:253,0
DA:254,0
DA:255,0
DA:258,0
DA:259,0
LF:104
LH:0
end_of_record
SF:lib/utils/link_preview_test.dart
DA:5,0
DA:6,0
DA:15,0
DA:17,0
DA:18,0
DA:19,0
DA:20,0
DA:23,0
DA:26,0
DA:27,0
DA:28,0
DA:29,0
DA:30,0
DA:32,0
DA:35,0
DA:39,0
DA:42,0
DA:43,0
DA:44,0
DA:47,0
DA:48,0
DA:55,0
DA:57,0
DA:58,0
DA:59,0
DA:60,0
DA:63,0
DA:66,0
DA:67,0
DA:68,0
DA:69,0
DA:70,0
DA:72,0
DA:75,0
DA:79,0
DA:82,0
DA:83,0
LF:37
LH:0
end_of_record
SF:lib/providers/language_provider.dart
DA:10,0
DA:13,0
DA:14,0
DA:15,0
DA:23,0
DA:24,0
DA:27,0
DA:29,0
DA:30,0
DA:33,0
DA:34,0
DA:37,0
DA:41,0
DA:42,0
DA:45,0
DA:48,0
DA:49,0
DA:51,0
DA:53,0
LF:19
LH:0
end_of_record
SF:lib/providers/service_provider.dart
DA:7,0
DA:8,0
DA:10,0
DA:12,0
DA:15,0
DA:16,0
DA:19,0
DA:20,0
DA:23,0
DA:24,0
DA:27,0
DA:28,0
DA:31,0
DA:33,0
DA:34,0
LF:15
LH:0
end_of_record
SF:lib/services/service_manager.dart
DA:21,0
DA:24,0
DA:25,0
DA:28,0
DA:29,0
DA:30,0
DA:34,0
DA:35,0
DA:36,0
DA:37,0
DA:38,0
DA:43,0
DA:46,0
DA:47,0
DA:51,0
DA:52,0
DA:53,0
DA:55,0
LF:18
LH:0
end_of_record
SF:lib/providers/system_chat_provider.dart
DA:11,0
DA:14,0
DA:15,0
DA:16,0
DA:19,0
DA:23,0
DA:24,0
DA:27,0
DA:31,0
DA:32,0
DA:36,0
DA:40,0
DA:41,0
DA:45,0
DA:46,0
DA:50,0
DA:51,0
DA:53,0
DA:57,0
DA:58,0
DA:59,0
DA:60,0
DA:61,0
DA:62,0
DA:63,0
DA:67,0
DA:68,0
DA:70,0
DA:74,0
DA:77,0
DA:80,0
DA:84,0
DA:87,0
DA:92,0
DA:93,0
DA:94,0
DA:95,0
DA:96,0
DA:97,0
DA:101,0
DA:102,0
DA:103,0
DA:106,0
DA:111,0
DA:112,0
DA:115,0
DA:116,0
DA:117,0
DA:122,0
DA:127,0
DA:135,0
DA:137,0
DA:138,0
DA:140,0
DA:143,0
DA:147,0
DA:150,0
DA:151,0
DA:152,0
LF:59
LH:0
end_of_record
SF:lib/services/dash_messaging_service.dart
DA:19,0
DA:20,0
DA:21,0
DA:23,0
DA:27,0
DA:29,0
DA:32,0
DA:40,0
DA:43,0
DA:45,0
DA:48,0
DA:50,0
DA:56,0
DA:65,0
DA:69,0
DA:70,0
DA:95,0
DA:96,0
DA:97,0
DA:98,0
DA:101,0
DA:102,0
DA:103,0
DA:104,0
DA:107,0
DA:108,0
DA:112,0
DA:113,0
DA:116,0
DA:117,0
DA:118,0
DA:121,0
DA:123,0
DA:124,0
DA:128,0
DA:129,0
DA:130,0
DA:133,0
DA:134,0
DA:137,0
DA:138,0
DA:142,0
DA:145,0
DA:148,0
DA:149,0
DA:150,0
DA:154,0
DA:157,0
DA:159,0
DA:160,0
DA:163,0
DA:166,0
DA:168,0
DA:169,0
DA:171,0
DA:172,0
DA:178,0
DA:180,0
DA:182,0
DA:183,0
DA:187,0
DA:189,0
DA:191,0
DA:196,0
DA:198,0
DA:199,0
DA:200,0
DA:201,0
DA:202,0
DA:203,0
DA:205,0
DA:209,0
DA:212,0
DA:217,0
DA:221,0
DA:223,0
DA:224,0
DA:226,0
DA:228,0
DA:229,0
DA:230,0
DA:232,0
DA:233,0
DA:234,0
DA:235,0
DA:236,0
DA:239,0
DA:240,0
DA:243,0
DA:244,0
DA:245,0
DA:248,0
DA:251,0
DA:253,0
DA:254,0
DA:256,0
DA:257,0
DA:258,0
DA:259,0
DA:261,0
DA:262,0
DA:263,0
DA:265,0
DA:266,0
DA:269,0
DA:274,0
DA:275,0
DA:276,0
DA:278,0
DA:279,0
DA:280,0
DA:281,0
DA:284,0
DA:285,0
DA:288,0
DA:289,0
DA:290,0
DA:294,0
DA:295,0
DA:297,0
DA:301,0
DA:304,0
DA:305,0
DA:307,0
DA:308,0
DA:313,0
DA:315,0
DA:321,0
DA:324,0
DA:325,0
DA:326,0
DA:330,0
DA:331,0
DA:333,0
DA:338,0
DA:343,0
DA:344,0
DA:346,0
DA:347,0
DA:352,0
DA:355,0
DA:356,0
DA:357,0
DA:358,0
DA:359,0
DA:362,0
DA:363,0
DA:365,0
DA:372,0
DA:375,0
DA:376,0
DA:377,0
DA:378,0
DA:379,0
DA:386,0
DA:387,0
DA:389,0
DA:392,0
DA:393,0
DA:396,0
DA:397,0
DA:399,0
DA:404,0
DA:410,0
DA:413,0
DA:415,0
DA:416,0
DA:418,0
DA:422,0
DA:424,0
DA:429,0
DA:431,0
DA:432,0
DA:437,0
DA:438,0
DA:441,0
DA:442,0
DA:446,0
DA:447,0
DA:448,0
DA:451,0
DA:453,0
DA:456,0
DA:459,0
DA:462,0
DA:465,0
DA:466,0
DA:469,0
DA:470,0
DA:471,0
DA:475,0
DA:476,0
DA:477,0
DA:480,0
DA:481,0
DA:485,0
DA:486,0
DA:487,0
DA:488,0
DA:489,0
DA:490,0
DA:494,0
DA:496,0
DA:497,0
DA:506,0
DA:507,0
DA:510,0
DA:518,0
DA:519,0
DA:523,0
DA:531,0
DA:532,0
DA:536,0
DA:541,0
DA:545,0
DA:548,0
DA:549,0
DA:552,0
DA:553,0
DA:557,0
DA:558,0
DA:562,0
DA:563,0
DA:564,0
DA:565,0
DA:571,0
DA:572,0
DA:573,0
DA:574,0
DA:578,0
DA:579,0
DA:580,0
DA:581,0
DA:587,0
DA:588,0
DA:589,0
DA:590,0
DA:591,0
DA:592,0
DA:599,0
DA:600,0
DA:601,0
DA:602,0
DA:603,0
DA:604,0
DA:605,0
DA:612,0
DA:613,0
DA:614,0
DA:615,0
DA:620,0
DA:628,0
DA:630,0
DA:631,0
DA:632,0
DA:633,0
DA:634,0
DA:635,0
DA:636,0
DA:639,0
DA:641,0
DA:646,0
DA:647,0
DA:648,0
DA:658,0
DA:660,0
DA:661,0
DA:662,0
DA:663,0
DA:664,0
DA:665,0
DA:667,0
DA:670,0
DA:675,0
DA:677,0
DA:678,0
DA:683,0
DA:684,0
DA:685,0
DA:686,0
DA:687,0
DA:693,0
DA:694,0
DA:697,0
DA:698,0
DA:705,0
DA:707,0
DA:709,0
DA:712,0
DA:714,0
DA:716,0
DA:722,0
DA:723,0
DA:724,0
DA:726,0
DA:729,0
DA:730,0
DA:731,0
DA:737,0
DA:739,0
DA:740,0
DA:742,0
DA:746,0
DA:749,0
DA:751,0
DA:752,0
DA:753,0
DA:754,0
DA:757,0
DA:761,0
DA:762,0
DA:765,0
DA:767,0
DA:770,0
DA:771,0
DA:777,0
DA:784,0
DA:785,0
DA:786,0
DA:791,0
DA:793,0
DA:796,0
DA:799,0
DA:800,0
DA:801,0
DA:802,0
DA:803,0
DA:804,0
DA:807,0
DA:809,0
DA:811,0
DA:812,0
DA:814,0
DA:815,0
DA:817,0
DA:820,0
DA:822,0
DA:824,0
DA:825,0
DA:827,0
DA:828,0
DA:831,0
DA:834,0
DA:837,0
DA:838,0
DA:841,0
DA:842,0
DA:843,0
DA:844,0
DA:845,0
DA:849,0
DA:852,0
DA:853,0
DA:855,0
DA:858,0
DA:859,0
DA:863,0
DA:864,0
DA:865,0
DA:866,0
DA:867,0
DA:870,0
DA:871,0
DA:872,0
DA:873,0
DA:874,0
DA:875,0
DA:876,0
DA:877,0
DA:878,0
DA:879,0
DA:882,0
DA:890,0
DA:895,0
DA:896,0
DA:897,0
DA:899,0
DA:903,0
DA:904,0
DA:905,0
DA:907,0
DA:909,0
DA:910,0
DA:911,0
DA:912,0
DA:914,0
DA:918,0
DA:919,0
DA:920,0
DA:921,0
DA:922,0
DA:925,0
DA:929,0
DA:930,0
DA:931,0
DA:932,0
DA:933,0
DA:934,0
DA:937,0
DA:941,0
DA:942,0
DA:943,0
DA:944,0
DA:945,0
DA:947,0
DA:951,0
DA:953,0
DA:962,0
DA:963,0
DA:964,0
DA:966,0
DA:968,0
DA:976,0
DA:977,0
DA:981,0
DA:989,0
DA:990,0
DA:996,0
DA:999,0
DA:1000,0
DA:1003,0
DA:1004,0
DA:1006,0
DA:1007,0
DA:1012,0
DA:1013,0
DA:1015,0
DA:1016,0
DA:1022,0
DA:1025,0
DA:1026,0
DA:1027,0
DA:1031,0
DA:1033,0
DA:1034,0
DA:1036,0
DA:1041,0
DA:1042,0
DA:1043,0
DA:1047,0
DA:1052,0
DA:1054,0
DA:1055,0
DA:1056,0
DA:1058,0
DA:1059,0
DA:1062,0
DA:1064,0
DA:1068,0
DA:1069,0
DA:1071,0
DA:1074,0
DA:1075,0
DA:1076,0
DA:1078,0
DA:1080,0
DA:1081,0
DA:1082,0
DA:1084,0
DA:1085,0
DA:1086,0
DA:1087,0
DA:1088,0
DA:1090,0
DA:1094,0
DA:1095,0
DA:1096,0
DA:1099,0
DA:1106,0
DA:1109,0
DA:1115,0
DA:1116,0
DA:1117,0
DA:1118,0
DA:1122,0
DA:1127,0
DA:1128,0
DA:1130,0
DA:1131,0
DA:1134,0
DA:1138,0
DA:1144,0
DA:1145,0
DA:1149,0
DA:1150,0
DA:1151,0
DA:1155,0
DA:1158,0
DA:1159,0
DA:1161,0
DA:1164,0
DA:1166,0
DA:1167,0
DA:1168,0
DA:1169,0
DA:1171,0
DA:1173,0
DA:1178,0
DA:1179,0
DA:1184,0
DA:1186,0
DA:1189,0
DA:1190,0
DA:1191,0
DA:1192,0
DA:1193,0
DA:1194,0
DA:1198,0
DA:1203,0
DA:1207,0
DA:1208,0
DA:1214,0
DA:1217,0
DA:1218,0
DA:1219,0
DA:1220,0
DA:1222,0
DA:1226,0
DA:1228,0
DA:1229,0
DA:1231,0
DA:1236,0
DA:1242,0
DA:1243,0
DA:1245,0
DA:1246,0
DA:1247,0
DA:1250,0
DA:1252,0
DA:1253,0
DA:1255,0
DA:1260,0
DA:1265,0
DA:1270,0
DA:1272,0
DA:1273,0
DA:1278,0
DA:1279,0
DA:1284,0
DA:1285,0
DA:1290,0
DA:1291,0
DA:1296,0
DA:1297,0
DA:1298,0
DA:1302,0
DA:1304,0
DA:1305,0
DA:1306,0
DA:1311,0
DA:1312,0
DA:1313,0
DA:1315,0
DA:1316,0
DA:1317,0
DA:1318,0
DA:1322,0
DA:1323,0
DA:1324,0
DA:1328,0
DA:1331,0
DA:1337,0
DA:1340,0
DA:1343,0
DA:1348,0
DA:1352,0
DA:1357,0
DA:1359,0
DA:1360,0
DA:1361,0
DA:1364,0
DA:1370,0
DA:1372,0
DA:1377,0
DA:1378,0
DA:1379,0
DA:1380,0
DA:1381,0
DA:1382,0
DA:1384,0
DA:1388,0
DA:1389,0
DA:1390,0
DA:1391,0
DA:1392,0
DA:1397,0
DA:1398,0
DA:1399,0
DA:1408,0
DA:1411,0
DA:1414,0
DA:1415,0
DA:1416,0
DA:1417,0
DA:1418,0
DA:1419,0
DA:1422,0
DA:1431,0
DA:1432,0
DA:1433,0
DA:1434,0
DA:1435,0
DA:1436,0
DA:1440,0
DA:1448,0
DA:1450,0
DA:1451,0
DA:1452,0
DA:1453,0
DA:1461,0
DA:1462,0
DA:1463,0
DA:1468,0
DA:1469,0
DA:1470,0
DA:1474,0
DA:1477,0
DA:1478,0
DA:1479,0
DA:1480,0
DA:1482,0
DA:1485,0
DA:1487,0
DA:1493,0
DA:1497,0
DA:1499,0
DA:1500,0
DA:1501,0
DA:1502,0
DA:1503,0
DA:1504,0
DA:1511,0
DA:1512,0
DA:1514,0
DA:1515,0
DA:1516,0
DA:1517,0
DA:1521,0
DA:1524,0
DA:1525,0
DA:1526,0
DA:1527,0
DA:1528,0
DA:1529,0
DA:1532,0
DA:1533,0
DA:1534,0
DA:1537,0
DA:1539,0
DA:1540,0
DA:1541,0
DA:1542,0
DA:1545,0
DA:1547,0
DA:1550,0
DA:1552,0
DA:1554,0
DA:1557,0
DA:1560,0
DA:1563,0
DA:1569,0
DA:1572,0
DA:1573,0
DA:1574,0
DA:1578,0
DA:1579,0
DA:1583,0
DA:1587,0
DA:1588,0
DA:1590,0
DA:1592,0
DA:1593,0
DA:1596,0
DA:1600,0
DA:1601,0
DA:1604,0
DA:1605,0
DA:1606,0
DA:1611,0
DA:1612,0
DA:1614,0
DA:1615,0
DA:1620,0
DA:1623,0
DA:1624,0
DA:1625,0
DA:1626,0
DA:1627,0
DA:1628,0
DA:1631,0
DA:1632,0
DA:1635,0
DA:1637,0
DA:1638,0
DA:1639,0
DA:1643,0
DA:1644,0
DA:1645,0
DA:1649,0
DA:1652,0
DA:1653,0
DA:1655,0
DA:1657,0
DA:1659,0
DA:1662,0
DA:1666,0
DA:1667,0
DA:1673,0
DA:1676,0
DA:1677,0
DA:1678,0
DA:1682,0
DA:1691,0
DA:1692,0
DA:1694,0
DA:1696,0
DA:1697,0
DA:1705,0
DA:1706,0
DA:1709,0
DA:1710,0
DA:1712,0
DA:1713,0
DA:1718,0
DA:1719,0
DA:1721,0
DA:1723,0
DA:1726,0
DA:1731,0
DA:1732,0
DA:1733,0
DA:1734,0
DA:1735,0
DA:1736,0
DA:1737,0
DA:1741,0
DA:1742,0
DA:1744,0
DA:1748,0
DA:1749,0
DA:1751,0
DA:1756,0
DA:1758,0
DA:1761,0
DA:1764,0
DA:1767,0
DA:1769,0
DA:1771,0
DA:1776,0
DA:1777,0
DA:1781,0
DA:1791,0
DA:1792,0
DA:1795,0
DA:1796,0
DA:1801,0
DA:1802,0
DA:1805,0
DA:1808,0
DA:1809,0
DA:1810,0
DA:1811,0
DA:1812,0
DA:1813,0
DA:1814,0
DA:1818,0
DA:1822,0
DA:1826,0
DA:1827,0
DA:1831,0
DA:1832,0
DA:1833,0
DA:1834,0
DA:1835,0
DA:1840,0
DA:1843,0
DA:1844,0
DA:1845,0
DA:1848,0
DA:1851,0
DA:1856,0
DA:1857,0
DA:1858,0
DA:1864,0
DA:1865,0
DA:1866,0
DA:1867,0
DA:1871,0
DA:1874,0
DA:1876,0
DA:1877,0
DA:1884,0
DA:1886,0
DA:1888,0
DA:1894,0
DA:1895,0
DA:1896,0
DA:1897,0
DA:1901,0
DA:1902,0
DA:1903,0
DA:1904,0
DA:1905,0
DA:1906,0
DA:1908,0
DA:1910,0
DA:1911,0
DA:1912,0
DA:1915,0
DA:1916,0
DA:1918,0
DA:1919,0
DA:1920,0
DA:1921,0
DA:1923,0
DA:1927,0
DA:1928,0
DA:1929,0
DA:1930,0
DA:1931,0
DA:1936,0
DA:1937,0
DA:1942,0
DA:1943,0
DA:1944,0
DA:1949,0
DA:1951,0
DA:1952,0
DA:1953,0
DA:1954,0
DA:1955,0
DA:1956,0
DA:1958,0
DA:1960,0
DA:1961,0
DA:1965,0
DA:1969,0
DA:1970,0
DA:1971,0
DA:1972,0
DA:1973,0
DA:1974,0
DA:1976,0
DA:1977,0
DA:1981,0
DA:1982,0
DA:1983,0
DA:1989,0
DA:1991,0
DA:1995,0
DA:2000,0
DA:2001,0
DA:2004,0
DA:2007,0
DA:2008,0
DA:2011,0
DA:2014,0
DA:2017,0
DA:2019,0
DA:2023,0
DA:2024,0
DA:2025,0
DA:2030,0
DA:2032,0
DA:2033,0
DA:2034,0
DA:2035,0
DA:2036,0
DA:2037,0
DA:2039,0
DA:2041,0
DA:2042,0
DA:2046,0
DA:2048,0
DA:2049,0
DA:2050,0
DA:2053,0
DA:2054,0
DA:2055,0
DA:2056,0
DA:2059,0
DA:2061,0
DA:2064,0
DA:2066,0
DA:2071,0
DA:2072,0
DA:2073,0
DA:2076,0
DA:2077,0
DA:2078,0
DA:2079,0
DA:2080,0
DA:2083,0
DA:2084,0
DA:2085,0
DA:2086,0
DA:2087,0
DA:2088,0
DA:2089,0
DA:2090,0
DA:2091,0
DA:2092,0
DA:2096,0
DA:2103,0
DA:2108,0
DA:2109,0
DA:2110,0
DA:2112,0
DA:2116,0
DA:2117,0
DA:2118,0
DA:2120,0
DA:2122,0
DA:2123,0
DA:2124,0
DA:2125,0
DA:2127,0
DA:2131,0
DA:2132,0
DA:2133,0
DA:2134,0
DA:2135,0
DA:2138,0
DA:2142,0
DA:2143,0
DA:2144,0
DA:2145,0
DA:2146,0
DA:2147,0
DA:2150,0
DA:2154,0
DA:2155,0
DA:2156,0
DA:2157,0
DA:2158,0
DA:2160,0
DA:2164,0
DA:2165,0
DA:2166,0
DA:2175,0
DA:2180,0
DA:2190,0
DA:2192,0
DA:2193,0
DA:2194,0
DA:2195,0
DA:2197,0
DA:2203,0
DA:2204,0
DA:2205,0
DA:2206,0
DA:2208,0
DA:2209,0
DA:2214,0
DA:2217,0
DA:2220,0
DA:2226,0
DA:2227,0
DA:2230,0
DA:2234,0
DA:2235,0
DA:2238,0
DA:2239,0
DA:2242,0
DA:2244,0
DA:2247,0
DA:2250,0
DA:2253,0
DA:2256,0
DA:2257,0
DA:2260,0
DA:2261,0
DA:2262,0
DA:2266,0
DA:2267,0
DA:2269,0
DA:2272,0
DA:2273,0
DA:2277,0
DA:2278,0
DA:2279,0
DA:2280,0
DA:2281,0
DA:2285,0
DA:2286,0
DA:2287,0
DA:2288,0
DA:2289,0
DA:2292,0
DA:2293,0
DA:2294,0
DA:2295,0
DA:2296,0
DA:2297,0
DA:2298,0
DA:2299,0
DA:2300,0
DA:2301,0
DA:2305,0
DA:2306,0
DA:2308,0
DA:2310,0
DA:2319,0
DA:2320,0
DA:2321,0
DA:2324,0
DA:2332,0
DA:2333,0
DA:2337,0
DA:2342,0
DA:2345,0
DA:2346,0
DA:2349,0
DA:2350,0
DA:2354,0
DA:2355,0
DA:2356,0
DA:2360,0
DA:2364,0
DA:2365,0
DA:2366,0
DA:2367,0
DA:2370,0
DA:2372,0
DA:2373,0
DA:2377,0
DA:2382,0
DA:2384,0
DA:2385,0
DA:2386,0
DA:2389,0
DA:2390,0
DA:2391,0
DA:2393,0
DA:2398,0
DA:2399,0
DA:2400,0
DA:2403,0
DA:2405,0
LF:1039
LH:0
end_of_record
SF:lib/utils/platform_utils.dart
DA:9,0
DA:12,0
DA:16,0
DA:17,0
DA:21,0
DA:22,0
DA:26,0
DA:30,0
DA:35,0
DA:36,0
DA:39,0
DA:40,0
DA:43,0
DA:44,0
DA:47,0
DA:48,0
DA:51,0
DA:52,0
DA:55,0
DA:60,0
DA:61,0
DA:63,0
DA:64,0
DA:67,0
DA:68,0
DA:73,0
DA:75,0
DA:76,0
DA:79,0
DA:80,0
DA:88,0
DA:93,0
DA:94,0
DA:95,0
DA:96,0
LF:35
LH:0
end_of_record
